<?xml version="1.0" encoding="UTF-8" ?>
<testsuite tests="1" failures="0" name="ac.AppTest" time="10.698" errors="0" skipped="0">
  <properties>
    <property name="java.runtime.name" value="OpenJDK Runtime Environment"/>
    <property name="scalate.workdir" value="/opt/ac/target/scalate"/>
    <property name="sun.boot.library.path" value="/usr/lib/jvm/java-8-openjdk-amd64/jre/lib/amd64"/>
    <property name="java.vm.version" value="25.312-b07"/>
    <property name="java.vm.vendor" value="Private Build"/>
    <property name="java.vendor.url" value="http://java.oracle.com/"/>
    <property name="path.separator" value=":"/>
    <property name="java.vm.name" value="OpenJDK 64-Bit Server VM"/>
    <property name="file.encoding.pkg" value="sun.io"/>
    <property name="sun.java.launcher" value="SUN_STANDARD"/>
    <property name="sun.os.patch.level" value="unknown"/>
    <property name="java.vm.specification.name" value="Java Virtual Machine Specification"/>
    <property name="user.dir" value="/opt/ac"/>
    <property name="java.runtime.version" value="1.8.0_312-8u312-b07-0ubuntu1-b07"/>
    <property name="java.awt.graphicsenv" value="sun.awt.X11GraphicsEnvironment"/>
    <property name="basedir" value="/opt/ac"/>
    <property name="java.endorsed.dirs" value="/usr/lib/jvm/java-8-openjdk-amd64/jre/lib/endorsed"/>
    <property name="os.arch" value="amd64"/>
    <property name="java.io.tmpdir" value="/tmp"/>
    <property name="line.separator" value="
"/>
    <property name="java.vm.specification.vendor" value="Oracle Corporation"/>
    <property name="os.name" value="Linux"/>
    <property name="sun.jnu.encoding" value="UTF-8"/>
    <property name="java.library.path" value="/usr/java/packages/lib/amd64:/usr/lib/x86_64-linux-gnu/jni:/lib/x86_64-linux-gnu:/usr/lib/x86_64-linux-gnu:/usr/lib/jni:/lib:/usr/lib"/>
    <property name="surefire.test.class.path" value="/opt/ac/target/test-classes:/opt/ac/target/classes:/root/.m2/repository/org/scala-lang/scala-library/2.10.4/scala-library-2.10.4.jar:/root/.m2/repository/org/scala-lang/scala-compiler/2.10.4/scala-compiler-2.10.4.jar:/root/.m2/repository/org/scala-lang/scala-reflect/2.10.4/scala-reflect-2.10.4.jar:/root/.m2/repository/javax/servlet/servlet-api/2.5/servlet-api-2.5.jar:/root/.m2/repository/org/scalatra/scalate/scalate-page_2.10/1.7.1/scalate-page_2.10-1.7.1.jar:/root/.m2/repository/org/scalatra/scalate/scalate-core_2.10/1.7.1/scalate-core_2.10-1.7.1.jar:/root/.m2/repository/org/scalatra/scalate/scalate-util_2.10/1.7.1/scalate-util_2.10-1.7.1.jar:/root/.m2/repository/tv/cntt/rhinocoffeescript/1.6.2/rhinocoffeescript-1.6.2.jar:/root/.m2/repository/org/mozilla/rhino/1.7R4/rhino-1.7R4.jar:/root/.m2/repository/org/scalatra/scalate/scalate-wikitext_2.10/1.7.1/scalate-wikitext_2.10-1.7.1.jar:/root/.m2/repository/org/fusesource/wikitext/confluence-core/1.4/confluence-core-1.4.jar:/root/.m2/repository/org/fusesource/wikitext/wikitext-core/1.4/wikitext-core-1.4.jar:/root/.m2/repository/org/fusesource/wikitext/textile-core/1.4/textile-core-1.4.jar:/root/.m2/repository/org/yaml/snakeyaml/1.7/snakeyaml-1.7.jar:/root/.m2/repository/org/scalatra/scalate/scalamd_2.10/1.6.1/scalamd_2.10-1.6.1.jar:/root/.m2/repository/com/sun/jersey/jersey-server/1.9/jersey-server-1.9.jar:/root/.m2/repository/asm/asm/3.1/asm-3.1.jar:/root/.m2/repository/com/sun/jersey/jersey-core/1.9/jersey-core-1.9.jar:/root/.m2/repository/ch/qos/logback/logback-classic/0.9.26/logback-classic-0.9.26.jar:/root/.m2/repository/ch/qos/logback/logback-core/0.9.26/logback-core-0.9.26.jar:/root/.m2/repository/org/slf4j/slf4j-api/1.6.1/slf4j-api-1.6.1.jar:/root/.m2/repository/org/scalatra/scalate/scalate-test_2.10/1.7.1/scalate-test_2.10-1.7.1.jar:/root/.m2/repository/org/scalatest/scalatest_2.10/2.1.3/scalatest_2.10-2.1.3.jar:/root/.m2/repository/junit/junit/4.8.2/junit-4.8.2.jar:/root/.m2/repository/org/seleniumhq/selenium/selenium-htmlunit-driver/2.0a5/selenium-htmlunit-driver-2.0a5.jar:/root/.m2/repository/org/seleniumhq/selenium/selenium-common/2.0a5/selenium-common-2.0a5.jar:/root/.m2/repository/net/sourceforge/htmlunit/htmlunit/2.7/htmlunit-2.7.jar:/root/.m2/repository/xalan/xalan/2.7.1/xalan-2.7.1.jar:/root/.m2/repository/xalan/serializer/2.7.1/serializer-2.7.1.jar:/root/.m2/repository/commons-collections/commons-collections/3.2.1/commons-collections-3.2.1.jar:/root/.m2/repository/commons-lang/commons-lang/2.4/commons-lang-2.4.jar:/root/.m2/repository/commons-httpclient/commons-httpclient/3.1/commons-httpclient-3.1.jar:/root/.m2/repository/commons-codec/commons-codec/1.4/commons-codec-1.4.jar:/root/.m2/repository/net/sourceforge/htmlunit/htmlunit-core-js/2.7/htmlunit-core-js-2.7.jar:/root/.m2/repository/xerces/xercesImpl/2.9.1/xercesImpl-2.9.1.jar:/root/.m2/repository/xml-apis/xml-apis/1.3.04/xml-apis-1.3.04.jar:/root/.m2/repository/net/sourceforge/nekohtml/nekohtml/1.9.14/nekohtml-1.9.14.jar:/root/.m2/repository/net/sourceforge/cssparser/cssparser/0.9.5/cssparser-0.9.5.jar:/root/.m2/repository/org/w3c/css/sac/1.3/sac-1.3.jar:/root/.m2/repository/commons-io/commons-io/1.4/commons-io-1.4.jar:/root/.m2/repository/commons-logging/commons-logging/1.1.1/commons-logging-1.1.1.jar:/root/.m2/repository/org/eclipse/jetty/jetty-server/7.2.1.v20101111/jetty-server-7.2.1.v20101111.jar:/root/.m2/repository/org/eclipse/jetty/jetty-continuation/7.2.1.v20101111/jetty-continuation-7.2.1.v20101111.jar:/root/.m2/repository/org/eclipse/jetty/jetty-http/7.2.1.v20101111/jetty-http-7.2.1.v20101111.jar:/root/.m2/repository/org/eclipse/jetty/jetty-io/7.2.1.v20101111/jetty-io-7.2.1.v20101111.jar:/root/.m2/repository/org/eclipse/jetty/jetty-webapp/7.2.1.v20101111/jetty-webapp-7.2.1.v20101111.jar:/root/.m2/repository/org/eclipse/jetty/jetty-xml/7.2.1.v20101111/jetty-xml-7.2.1.v20101111.jar:/root/.m2/repository/org/eclipse/jetty/jetty-servlet/7.2.1.v20101111/jetty-servlet-7.2.1.v20101111.jar:/root/.m2/repository/org/eclipse/jetty/jetty-security/7.2.1.v20101111/jetty-security-7.2.1.v20101111.jar:/root/.m2/repository/org/eclipse/jetty/jetty-util/7.2.1.v20101111/jetty-util-7.2.1.v20101111.jar:"/>
    <property name="java.specification.name" value="Java Platform API Specification"/>
    <property name="java.class.version" value="52.0"/>
    <property name="sun.management.compiler" value="HotSpot 64-Bit Tiered Compilers"/>
    <property name="os.version" value="5.15.0-1011-aws"/>
    <property name="user.home" value="/root"/>
    <property name="user.timezone" value="Etc/UTC"/>
    <property name="java.awt.printerjob" value="sun.print.PSPrinterJob"/>
    <property name="file.encoding" value="UTF-8"/>
    <property name="java.specification.version" value="1.8"/>
    <property name="user.name" value="root"/>
    <property name="java.class.path" value="/root/.m2/repository/org/apache/maven/surefire/surefire-booter/2.6/surefire-booter-2.6.jar:/root/.m2/repository/org/apache/maven/surefire/surefire-api/2.6/surefire-api-2.6.jar"/>
    <property name="java.vm.specification.version" value="1.8"/>
    <property name="sun.arch.data.model" value="64"/>
    <property name="java.home" value="/usr/lib/jvm/java-8-openjdk-amd64/jre"/>
    <property name="sun.java.command" value="org.apache.maven.surefire.booter.SurefireBooter /tmp/surefire3431114333753686921tmp /tmp/surefire907809863321506927tmp"/>
    <property name="java.specification.vendor" value="Oracle Corporation"/>
    <property name="user.language" value="en"/>
    <property name="awt.toolkit" value="sun.awt.X11.XToolkit"/>
    <property name="java.vm.info" value="mixed mode"/>
    <property name="java.version" value="1.8.0_312"/>
    <property name="java.ext.dirs" value="/usr/lib/jvm/java-8-openjdk-amd64/jre/lib/ext:/usr/java/packages/lib/ext"/>
    <property name="sun.boot.class.path" value="/usr/lib/jvm/java-8-openjdk-amd64/jre/lib/resources.jar:/usr/lib/jvm/java-8-openjdk-amd64/jre/lib/rt.jar:/usr/lib/jvm/java-8-openjdk-amd64/jre/lib/sunrsasign.jar:/usr/lib/jvm/java-8-openjdk-amd64/jre/lib/jsse.jar:/usr/lib/jvm/java-8-openjdk-amd64/jre/lib/jce.jar:/usr/lib/jvm/java-8-openjdk-amd64/jre/lib/charsets.jar:/usr/lib/jvm/java-8-openjdk-amd64/jre/lib/jfr.jar:/usr/lib/jvm/java-8-openjdk-amd64/jre/classes"/>
    <property name="java.vendor" value="Private Build"/>
    <property name="localRepository" value="/root/.m2/repository"/>
    <property name="file.separator" value="/"/>
    <property name="java.vendor.url.bug" value="http://bugreport.sun.com/bugreport/"/>
    <property name="sun.cpu.endian" value="little"/>
    <property name="sun.io.unicode.encoding" value="UnicodeLittle"/>
    <property name="sun.cpu.isalist" value=""/>
  </properties>
  <testcase classname="ac.AppTest" name="home page" time="6.609"/>
</testsuite>